<?xml version="1.0" encoding="UTF-8"?>
<testsuite xmlns:xsi="http://www.w3.org/2001/XMLSchema-instance" xsi:noNamespaceSchemaLocation="https://maven.apache.org/surefire/maven-surefire-plugin/xsd/surefire-test-report.xsd" version="3.0.2" name="fr.unantes.software.construction.attributes.SimpleEventTest" time="0.255" tests="8" errors="0" skipped="0" failures="7">
  <properties>
[...]
</properties>
  <testcase name="testLocation" classname="fr.unantes.software.construction.attributes.SimpleEventTest" time="0.031">
    <failure message="&#10;expected: &quot;Nantes&quot;&#10; but was: null" type="org.opentest4j.AssertionFailedError"><![CDATA[org.opentest4j.AssertionFailedError: 

expected: "Nantes"
 but was: null
	at fr.unantes.software.construction.attributes.SimpleEventTest.testLocation(SimpleEventTest.java:66)
	at java.base/java.lang.reflect.Method.invoke(Method.java:580)
	at java.base/java.util.ArrayList.forEach(ArrayList.java:1596)
	at java.base/java.util.ArrayList.forEach(ArrayList.java:1596)
]]></failure>
  </testcase>
  <testcase name="testAlarm" classname="fr.unantes.software.construction.attributes.SimpleEventTest" time="0.205">
    <failure message="&#10;Multiple Failures (3 failures)&#10;-- failure 1 --&#10;expected: Message&#10; but was: null&#10;at SimpleEventTest.testAlarm(SimpleEventTest.java:79)&#10;-- failure 2 --&#10;expected: Audio&#10; but was: null&#10;at SimpleEventTest.testAlarm(SimpleEventTest.java:80)&#10;-- failure 3 --&#10;expected: Email&#10; but was: null&#10;at SimpleEventTest.testAlarm(SimpleEventTest.java:81)" type="org.assertj.core.error.AssertJMultipleFailuresError"><![CDATA[org.assertj.core.error.AssertJMultipleFailuresError: 

Multiple Failures (3 failures)
-- failure 1 --
expected: Message
 but was: null
at SimpleEventTest.testAlarm(SimpleEventTest.java:79)
-- failure 2 --
expected: Audio
 but was: null
at SimpleEventTest.testAlarm(SimpleEventTest.java:80)
-- failure 3 --
expected: Email
 but was: null
at SimpleEventTest.testAlarm(SimpleEventTest.java:81)
	at fr.unantes.software.construction.attributes.SimpleEventTest.testAlarm(SimpleEventTest.java:82)
	at java.base/java.lang.reflect.Method.invoke(Method.java:580)
	at java.base/java.util.ArrayList.forEach(ArrayList.java:1596)
	at java.base/java.util.ArrayList.forEach(ArrayList.java:1596)
]]></failure>
  </testcase>
  <testcase name="removeAlarm" classname="fr.unantes.software.construction.attributes.SimpleEventTest" time="0.002">
    <failure message="&#10;expected: Email&#10; but was: null" type="org.opentest4j.AssertionFailedError"><![CDATA[org.opentest4j.AssertionFailedError: 

expected: Email
 but was: null
	at fr.unantes.software.construction.attributes.SimpleEventTest.removeAlarm(SimpleEventTest.java:105)
	at java.base/java.lang.reflect.Method.invoke(Method.java:580)
	at java.base/java.util.ArrayList.forEach(ArrayList.java:1596)
	at java.base/java.util.ArrayList.forEach(ArrayList.java:1596)
]]></failure>
  </testcase>
  <testcase name="testAlarmExceeding" classname="fr.unantes.software.construction.attributes.SimpleEventTest" time="0.0"/>
  <testcase name="getName" classname="fr.unantes.software.construction.attributes.SimpleEventTest" time="0.001">
    <failure message="&#10;expected: &quot;Lab&quot;&#10; but was: null" type="org.opentest4j.AssertionFailedError"><![CDATA[org.opentest4j.AssertionFailedError: 

expected: "Lab"
 but was: null
	at fr.unantes.software.construction.attributes.SimpleEventTest.getName(SimpleEventTest.java:50)
	at java.base/java.lang.reflect.Method.invoke(Method.java:580)
	at java.base/java.util.ArrayList.forEach(ArrayList.java:1596)
	at java.base/java.util.ArrayList.forEach(ArrayList.java:1596)
]]></failure>
  </testcase>
  <testcase name="getId" classname="fr.unantes.software.construction.attributes.SimpleEventTest" time="0.001">
    <failure message="&#10;Expecting actual not to be null" type="java.lang.AssertionError"><![CDATA[java.lang.AssertionError: 

Expecting actual not to be null
	at fr.unantes.software.construction.attributes.SimpleEventTest.getId(SimpleEventTest.java:43)
	at java.base/java.lang.reflect.Method.invoke(Method.java:580)
	at java.base/java.util.ArrayList.forEach(ArrayList.java:1596)
	at java.base/java.util.ArrayList.forEach(ArrayList.java:1596)
]]></failure>
  </testcase>
  <testcase name="setName" classname="fr.unantes.software.construction.attributes.SimpleEventTest" time="0.0">
    <failure message="&#10;expected: &quot;Other&quot;&#10; but was: null" type="org.opentest4j.AssertionFailedError"><![CDATA[org.opentest4j.AssertionFailedError: 

expected: "Other"
 but was: null
	at fr.unantes.software.construction.attributes.SimpleEventTest.setName(SimpleEventTest.java:58)
	at java.base/java.lang.reflect.Method.invoke(Method.java:580)
	at java.base/java.util.ArrayList.forEach(ArrayList.java:1596)
	at java.base/java.util.ArrayList.forEach(ArrayList.java:1596)
]]></failure>
  </testcase>
  <testcase name="testConstructor" classname="fr.unantes.software.construction.attributes.SimpleEventTest" time="0.001">
    <failure message="&#10;Expecting actual not to be null" type="java.lang.AssertionError"><![CDATA[java.lang.AssertionError: 

Expecting actual not to be null
	at fr.unantes.software.construction.attributes.SimpleEventTest.testConstructor(SimpleEventTest.java:36)
	at java.base/java.lang.reflect.Method.invoke(Method.java:580)
	at java.base/java.util.ArrayList.forEach(ArrayList.java:1596)
	at java.base/java.util.ArrayList.forEach(ArrayList.java:1596)
]]></failure>
  </testcase>
</testsuite>